<?xml version="1.0" encoding="UTF-8"?>
<!-- Generated by org.testng.reporters.JUnitXMLReporter -->
<testsuite ignored="0" hostname="LAPTOP-Q4U8BCHA" failures="1" tests="1" name="Test(failed)" time="29.466" errors="0" timestamp="2026-06-14T19:49:16 IST">
  <testcase classname="testCases.TC002_LoginTest" name="loginTest" time="21.824">
    <failure type="java.lang.AssertionError" message="expected [true] but found [false]">
      <![CDATA[java.lang.AssertionError: expected [true] but found [false]
at testCases.TC002_LoginTest.loginTest(TC002_LoginTest.java:33)
at java.base/java.util.ArrayList.forEach(ArrayList.java:1511)
... Removed 31 stack frames]]>
    </failure>
  </testcase> <!-- loginTest -->
</testsuite> <!-- Test(failed) -->
