<?xml version="1.0" encoding="UTF-8"?>
<testsuite xmlns:xsi="http://www.w3.org/2001/XMLSchema-instance" xsi:noNamespaceSchemaLocation="https://maven.apache.org/surefire/maven-surefire-plugin/xsd/surefire-test-report.xsd" version="3.0.2" name="TestSuite" time="19.318" tests="2" errors="0" skipped="0" failures="0">
  <properties>
[...]
</properties>
  <testcase name="verify_account_registeration" classname="testCases.TC001_AccountRegisterationTest" time="2.933">
    <system-err><![CDATA[SLF4J(W): No SLF4J providers were found.
SLF4J(W): Defaulting to no-operation (NOP) logger implementation
SLF4J(W): See https://www.slf4j.org/codes.html#noProviders for further details.
SLF4J(W): Class path contains SLF4J bindings targeting slf4j-api versions 1.7.x or earlier.
SLF4J(W): Ignoring binding found at [jar:file:/C:/Users/Saranya.R/.m2/repository/org/apache/logging/log4j/log4j-slf4j-impl/2.23.1/log4j-slf4j-impl-2.23.1.jar!/org/slf4j/impl/StaticLoggerBinder.class]
SLF4J(W): See https://www.slf4j.org/codes.html#ignoredBindings for an explanation.
2026-06-19T09:55:41.989530400Z main INFO Starting configuration XmlConfiguration[location=E:\Eclipse-new\Opencart121\target\test-classes\log4j2.xml, lastModified=2026-06-18T09:21:22.605Z]...
2026-06-19T09:55:41.992526700Z main INFO Configuration XmlConfiguration[location=E:\Eclipse-new\Opencart121\target\test-classes\log4j2.xml, lastModified=2026-06-18T09:21:22.605Z] started.
2026-06-19T09:55:41.997246100Z main INFO Stopping configuration org.apache.logging.log4j.core.config.DefaultConfiguration@2c5529ab...
2026-06-19T09:55:41.997246100Z main INFO Configuration org.apache.logging.log4j.core.config.DefaultConfiguration@2c5529ab stopped.
Jun 19, 2026 3:25:46 PM org.openqa.selenium.devtools.CdpVersionFinder findNearestMatch
WARNING: Unable to find CDP implementation matching 149
Jun 19, 2026 3:25:46 PM org.openqa.selenium.chromium.ChromiumDriver lambda$new$4
WARNING: Unable to find version of CDP to use for 149.0.7827.103. You may need to include a dependency on a specific version of the CDP using something similar to `org.seleniumhq.selenium:selenium-devtools-v86:4.40.0` where the version ("v86") matches the version of the chromium-based browser you're using and the version number of the artifact is the same as Selenium's.
]]></system-err>
  </testcase>
  <testcase name="loginTest" classname="testCases.TC002_LoginTest" time="1.719">
    <system-err><![CDATA[Jun 19, 2026 3:25:53 PM org.openqa.selenium.devtools.CdpVersionFinder findNearestMatch
WARNING: Unable to find CDP implementation matching 149
Jun 19, 2026 3:25:53 PM org.openqa.selenium.chromium.ChromiumDriver lambda$new$4
WARNING: Unable to find version of CDP to use for 149.0.7827.103. You may need to include a dependency on a specific version of the CDP using something similar to `org.seleniumhq.selenium:selenium-devtools-v86:4.40.0` where the version ("v86") matches the version of the chromium-based browser you're using and the version number of the artifact is the same as Selenium's.
]]></system-err>
  </testcase>
</testsuite>