<?xml version="1.0" encoding="UTF-8"?>
<testng-results ignored="0" total="1" passed="1" failed="0" skipped="0">
  <reporter-output>
  </reporter-output>
  <suite started-at="2026-06-14T21:34:50 IST" name="Master Suite" finished-at="2026-06-14T21:34:59 IST" duration-ms="8958">
    <groups>
      <group name="Master">
        <method signature="TC002_LoginTest.loginTest()[pri:0, instance:testCases.TC002_LoginTest@402c4085]" name="loginTest" class="testCases.TC002_LoginTest"/>
      </group> <!-- Master -->
      <group name="Sanity">
        <method signature="TC002_LoginTest.loginTest()[pri:0, instance:testCases.TC002_LoginTest@402c4085]" name="loginTest" class="testCases.TC002_LoginTest"/>
      </group> <!-- Sanity -->
    </groups>
    <test started-at="2026-06-14T21:34:50 IST" name="Test" finished-at="2026-06-14T21:34:59 IST" duration-ms="8958">
      <class name="testCases.TC002_LoginTest">
        <test-method is-config="true" signature="setUp(java.lang.String,java.lang.String)[pri:0, instance:testCases.TC002_LoginTest@402c4085]" started-at="2026-06-14T21:34:51 IST" name="setUp" finished-at="2026-06-14T21:34:56 IST" duration-ms="5398" status="PASS">
          <params>
            <param index="0">
              <value>
                <![CDATA[Windows]]>
              </value>
            </param>
            <param index="1">
              <value>
                <![CDATA[Chrome]]>
              </value>
            </param>
          </params>
          <reporter-output>
          </reporter-output>
        </test-method> <!-- setUp -->
        <test-method signature="loginTest()[pri:0, instance:testCases.TC002_LoginTest@402c4085]" started-at="2026-06-14T21:34:56 IST" name="loginTest" finished-at="2026-06-14T21:34:59 IST" duration-ms="2824" status="PASS">
          <reporter-output>
          </reporter-output>
        </test-method> <!-- loginTest -->
        <test-method is-config="true" signature="tearDown()[pri:0, instance:testCases.TC002_LoginTest@402c4085]" started-at="2026-06-14T21:34:59 IST" name="tearDown" finished-at="2026-06-14T21:34:59 IST" duration-ms="248" status="PASS">
          <reporter-output>
          </reporter-output>
        </test-method> <!-- tearDown -->
      </class> <!-- testCases.TC002_LoginTest -->
    </test> <!-- Test -->
  </suite> <!-- Master Suite -->
</testng-results>
